2024-03-22 13:04:12,707 - training - INFO - Training model with Tauo = -0.8, Tauu = -0.6, Taud = -0.2
2024-03-22 13:04:13,208 - training - INFO - Epoch 1, Combined Loss: 71.9804
2024-03-22 13:05:41,069 - training - INFO - Epoch 501, Combined Loss: -27.9878
2024-03-22 13:07:08,525 - training - INFO - Final Loss: -28.3794
2024-03-22 13:07:08,703 - training - INFO - Training model with Tauo = -0.5, Tauu = -0.4, Taud = -0.1
2024-03-22 13:07:08,883 - training - INFO - Epoch 1, Combined Loss: 40.0471
2024-03-22 13:08:37,922 - training - INFO - Epoch 501, Combined Loss: -14.6866
2024-03-22 13:10:07,240 - training - INFO - Final Loss: -14.8286
2024-03-22 13:10:07,410 - training - INFO - Training model with Tauo = -0.05, Tauu = -0.05, Taud = -0.01
2024-03-22 13:10:07,591 - training - INFO - Epoch 1, Combined Loss: 5.9649
2024-03-22 13:11:38,187 - training - INFO - Epoch 501, Combined Loss: -2.1508
2024-03-22 13:13:07,231 - training - INFO - Final Loss: -2.2713
2024-03-22 13:13:07,419 - training - INFO - Training model with Tauo = -0.05, Tauu = -0.5, Taud = -0.01
2024-03-22 13:13:07,601 - training - INFO - Epoch 1, Combined Loss: 41.5271
2024-03-22 13:14:35,347 - training - INFO - Epoch 501, Combined Loss: -2.2389
2024-03-22 13:16:03,139 - training - INFO - Final Loss: -2.2797
2024-03-22 13:16:03,309 - training - INFO - Training model with Tauo = 0.05, Tauu = 0.05, Taud = 0.01
2024-03-22 13:16:03,498 - training - INFO - Epoch 1, Combined Loss: 3.6274
2024-03-22 13:17:32,702 - training - INFO - Epoch 501, Combined Loss: 0.6774
2024-03-22 13:19:01,857 - training - INFO - Final Loss: 0.5008
2024-03-22 13:19:02,024 - training - INFO - Training model with Tauo = 0.1, Tauu = 0.2, Taud = 0.1
2024-03-22 13:19:02,210 - training - INFO - Epoch 1, Combined Loss: 28.5118
2024-03-22 13:20:31,698 - training - INFO - Epoch 501, Combined Loss: 13.3115
2024-03-22 13:21:59,958 - training - INFO - Final Loss: 13.1825
2024-03-22 13:22:00,146 - training - INFO - Training model with Tauo = 0.2, Tauu = 0.4, Taud = 0.2
2024-03-22 13:22:00,327 - training - INFO - Epoch 1, Combined Loss: 40.3849
2024-03-22 13:23:30,133 - training - INFO - Epoch 501, Combined Loss: 27.6731
2024-03-22 13:24:57,631 - training - INFO - Final Loss: 27.3364
2024-03-22 13:24:57,795 - training - INFO - Training model with Tauo = 0.4, Tauu = 0.5, Taud = 0.3
2024-03-22 13:24:57,976 - training - INFO - Epoch 1, Combined Loss: 41.8654
2024-03-22 13:26:23,692 - training - INFO - Epoch 501, Combined Loss: 41.4122
2024-03-22 13:27:51,330 - training - INFO - Final Loss: 41.3616
2024-03-22 13:27:51,513 - training - INFO - Training model with Tauo = 0.6, Tauu = 0.8, Taud = 0.5
2024-03-22 13:27:51,702 - training - INFO - Epoch 1, Combined Loss: 69.8448
2024-03-22 13:29:21,188 - training - INFO - Epoch 501, Combined Loss: 69.5760
2024-03-22 13:31:01,239 - training - INFO - Final Loss: 69.5613
